[2m2021-03-05 08:31:21.663[0;39m [Start=1614954681532, Duration=131ms] [32m INFO[0;39m [35m17392[0;39m [2m---[0;39m [2m[nio-8080-exec-2][0;39m [36mcom.revature.filters.DurationFilter     [0;39m [2m:[0;39m Request has finished processing.
[2m2021-03-05 08:31:35.550[0;39m [Start=1614954695486, Duration=64ms, Exception=Invalid] [31mERROR[0;39m [35m17392[0;39m [2m---[0;39m [2m[nio-8080-exec-3][0;39m [36mc.revature.exceptions.InvalidException  [0;39m [2m:[0;39m test
[2m2021-03-05 08:31:37.598[0;39m [Start=1614954695486, Duration=64ms, Exception=Invalid] [32m INFO[0;39m [35m17392[0;39m [2m---[0;39m [2m[nio-8080-exec-3][0;39m [36mc.revature.exceptions.InvalidException  [0;39m [2m:[0;39m End of stackTrace.
[2m2021-03-05 08:31:37.599[0;39m [] [31mERROR[0;39m [35m17392[0;39m [2m---[0;39m [2m[nio-8080-exec-3][0;39m [36mcom.revature.services.CustomerService   [0;39m [2m:[0;39m ::

com.revature.exceptions.InvalidException: test
	at com.revature.services.CustomerService.login(CustomerService.java:65)
	at com.revature.controllers.CustomerController.login(CustomerController.java:42)
	at sun.reflect.NativeMethodAccessorImpl.invoke0(Native Method)
	at sun.reflect.NativeMethodAccessorImpl.invoke(Unknown Source)
	at sun.reflect.DelegatingMethodAccessorImpl.invoke(Unknown Source)
	at java.lang.reflect.Method.invoke(Unknown Source)
	at org.springframework.web.method.support.InvocableHandlerMethod.doInvoke(InvocableHandlerMethod.java:197)
	at org.springframework.web.method.support.InvocableHandlerMethod.invokeForRequest(InvocableHandlerMethod.java:141)
	at org.springframework.web.servlet.mvc.method.annotation.ServletInvocableHandlerMethod.invokeAndHandle(ServletInvocableHandlerMethod.java:106)
	at org.springframework.web.servlet.mvc.method.annotation.RequestMappingHandlerAdapter.invokeHandlerMethod(RequestMappingHandlerAdapter.java:894)
	at org.springframework.web.servlet.mvc.method.annotation.RequestMappingHandlerAdapter.handleInternal(RequestMappingHandlerAdapter.java:808)
	at org.springframework.web.servlet.mvc.method.AbstractHandlerMethodAdapter.handle(AbstractHandlerMethodAdapter.java:87)
	at org.springframework.web.servlet.DispatcherServlet.doDispatch(DispatcherServlet.java:1060)
	at org.springframework.web.servlet.DispatcherServlet.doService(DispatcherServlet.java:962)
	at org.springframework.web.servlet.FrameworkServlet.processRequest(FrameworkServlet.java:1006)
	at org.springframework.web.servlet.FrameworkServlet.doPost(FrameworkServlet.java:909)
	at javax.servlet.http.HttpServlet.service(HttpServlet.java:652)
	at org.springframework.web.servlet.FrameworkServlet.service(FrameworkServlet.java:883)
	at javax.servlet.http.HttpServlet.service(HttpServlet.java:733)
	at org.apache.catalina.core.ApplicationFilterChain.internalDoFilter(ApplicationFilterChain.java:227)
	at org.apache.catalina.core.ApplicationFilterChain.doFilter(ApplicationFilterChain.java:162)
	at org.apache.tomcat.websocket.server.WsFilter.doFilter(WsFilter.java:53)
	at org.apache.catalina.core.ApplicationFilterChain.internalDoFilter(ApplicationFilterChain.java:189)
	at org.apache.catalina.core.ApplicationFilterChain.doFilter(ApplicationFilterChain.java:162)
	at com.revature.filters.DurationFilter.doFilterInternal(DurationFilter.java:31)
	at org.springframework.web.filter.OncePerRequestFilter.doFilter(OncePerRequestFilter.java:119)
	at org.apache.catalina.core.ApplicationFilterChain.internalDoFilter(ApplicationFilterChain.java:189)
	at org.apache.catalina.core.ApplicationFilterChain.doFilter(ApplicationFilterChain.java:162)
	at org.springframework.web.filter.RequestContextFilter.doFilterInternal(RequestContextFilter.java:100)
	at org.springframework.web.filter.OncePerRequestFilter.doFilter(OncePerRequestFilter.java:119)
	at org.apache.catalina.core.ApplicationFilterChain.internalDoFilter(ApplicationFilterChain.java:189)
	at org.apache.catalina.core.ApplicationFilterChain.doFilter(ApplicationFilterChain.java:162)
	at org.springframework.web.filter.FormContentFilter.doFilterInternal(FormContentFilter.java:93)
	at org.springframework.web.filter.OncePerRequestFilter.doFilter(OncePerRequestFilter.java:119)
	at org.apache.catalina.core.ApplicationFilterChain.internalDoFilter(ApplicationFilterChain.java:189)
	at org.apache.catalina.core.ApplicationFilterChain.doFilter(ApplicationFilterChain.java:162)
	at org.springframework.boot.actuate.metrics.web.servlet.WebMvcMetricsFilter.doFilterInternal(WebMvcMetricsFilter.java:93)
	at org.springframework.web.filter.OncePerRequestFilter.doFilter(OncePerRequestFilter.java:119)
	at org.apache.catalina.core.ApplicationFilterChain.internalDoFilter(ApplicationFilterChain.java:189)
	at org.apache.catalina.core.ApplicationFilterChain.doFilter(ApplicationFilterChain.java:162)
	at org.springframework.web.filter.CharacterEncodingFilter.doFilterInternal(CharacterEncodingFilter.java:201)
	at org.springframework.web.filter.OncePerRequestFilter.doFilter(OncePerRequestFilter.java:119)
	at org.apache.catalina.core.ApplicationFilterChain.internalDoFilter(ApplicationFilterChain.java:189)
	at org.apache.catalina.core.ApplicationFilterChain.doFilter(ApplicationFilterChain.java:162)
	at org.apache.catalina.core.StandardWrapperValve.invoke(StandardWrapperValve.java:202)
	at org.apache.catalina.core.StandardContextValve.invoke(StandardContextValve.java:97)
	at org.apache.catalina.authenticator.AuthenticatorBase.invoke(AuthenticatorBase.java:542)
	at org.apache.catalina.core.StandardHostValve.invoke(StandardHostValve.java:143)
	at org.apache.catalina.valves.ErrorReportValve.invoke(ErrorReportValve.java:92)
	at org.apache.catalina.core.StandardEngineValve.invoke(StandardEngineValve.java:78)
	at org.apache.catalina.connector.CoyoteAdapter.service(CoyoteAdapter.java:346)
	at org.apache.coyote.http11.Http11Processor.service(Http11Processor.java:374)
	at org.apache.coyote.AbstractProcessorLight.process(AbstractProcessorLight.java:65)
	at org.apache.coyote.AbstractProtocol$ConnectionHandler.process(AbstractProtocol.java:887)
	at org.apache.tomcat.util.net.NioEndpoint$SocketProcessor.doRun(NioEndpoint.java:1684)
	at org.apache.tomcat.util.net.SocketProcessorBase.run(SocketProcessorBase.java:49)
	at java.util.concurrent.ThreadPoolExecutor.runWorker(Unknown Source)
	at java.util.concurrent.ThreadPoolExecutor$Worker.run(Unknown Source)
	at org.apache.tomcat.util.threads.TaskThread$WrappingRunnable.run(TaskThread.java:61)
	at java.lang.Thread.run(Unknown Source)

[2m2021-03-05 08:31:37.602[0;39m [Exception=Invalid] [31mERROR[0;39m [35m17392[0;39m [2m---[0;39m [2m[nio-8080-exec-3][0;39m [36mc.revature.exceptions.InvalidException  [0;39m [2m:[0;39m LOGIN: User 2 already logged in on this device.
[2m2021-03-05 08:31:37.602[0;39m [Exception=Invalid] [32m INFO[0;39m [35m17392[0;39m [2m---[0;39m [2m[nio-8080-exec-3][0;39m [36mc.revature.exceptions.InvalidException  [0;39m [2m:[0;39m End of stackTrace.
[2m2021-03-05 08:31:37.603[0;39m [Duration=2117ms] [32m INFO[0;39m [35m17392[0;39m [2m---[0;39m [2m[nio-8080-exec-3][0;39m [36mcom.revature.filters.DurationFilter     [0;39m [2m:[0;39m Request has finished processing.
[2m2021-03-05 08:46:46.884[0;39m [] [32m INFO[0;39m [35m17392[0;39m [2m---[0;39m [2m[  restartedMain][0;39m [36mcom.revature.Project1Application        [0;39m [2m:[0;39m Starting Project1Application using Java 1.8.0_281 on LAPTOP-817RMPCJ with PID 17392 (D:\Documents\revature\210201sre\jdemos\Project1\target\classes started by MASK in D:\Documents\revature\210201sre\jdemos\Project1)
[2m2021-03-05 08:46:50.982[0;39m [] [32m INFO[0;39m [35m17392[0;39m [2m---[0;39m [2m[  restartedMain][0;39m [36mcom.revature.Project1Application        [0;39m [2m:[0;39m Starting Project1Application using Java 1.8.0_281 on LAPTOP-817RMPCJ with PID 17392 (D:\Documents\revature\210201sre\jdemos\Project1\target\classes started by MASK in D:\Documents\revature\210201sre\jdemos\Project1)
[2m2021-03-05 08:46:53.020[0;39m [] [32m INFO[0;39m [35m17392[0;39m [2m---[0;39m [2m[  restartedMain][0;39m [36mcom.revature.Project1Application        [0;39m [2m:[0;39m No active profile set, falling back to default profiles: default
[2m2021-03-05 08:47:35.392[0;39m [] [32m INFO[0;39m [35m1528[0;39m [2m---[0;39m [2m[  restartedMain][0;39m [36mcom.revature.Project1Application        [0;39m [2m:[0;39m Starting Project1Application using Java 1.8.0_281 on LAPTOP-817RMPCJ with PID 1528 (D:\Documents\revature\210201sre\jdemos\Project1\target\classes started by MASK in D:\Documents\revature\210201sre\jdemos\Project1)
[2m2021-03-05 08:47:37.448[0;39m [] [32m INFO[0;39m [35m1528[0;39m [2m---[0;39m [2m[  restartedMain][0;39m [36mcom.revature.Project1Application        [0;39m [2m:[0;39m No active profile set, falling back to default profiles: default
[2m2021-03-05 08:47:41.741[0;39m [] [32m INFO[0;39m [35m1528[0;39m [2m---[0;39m [2m[  restartedMain][0;39m [36mcom.revature.Project1Application        [0;39m [2m:[0;39m Started Project1Application in 8.637 seconds (JVM running for 9.53)
[2m2021-03-05 08:48:01.786[0;39m [Start=1614955681460, Duration=326ms] [32m INFO[0;39m [35m1528[0;39m [2m---[0;39m [2m[nio-8080-exec-1][0;39m [36mcom.revature.filters.DurationFilter     [0;39m [2m:[0;39m Request has finished processing.
[2m2021-03-05 08:48:04.931[0;39m [Start=1614955684858, Duration=72ms, Exception=Invalid] [31mERROR[0;39m [35m1528[0;39m [2m---[0;39m [2m[nio-8080-exec-3][0;39m [36mc.revature.exceptions.InvalidException  [0;39m [2m:[0;39m test
[2m2021-03-05 08:48:04.931[0;39m [Start=1614955684858, Duration=72ms, Exception=Invalid] [32m INFO[0;39m [35m1528[0;39m [2m---[0;39m [2m[nio-8080-exec-3][0;39m [36mc.revature.exceptions.InvalidException  [0;39m [2m:[0;39m End of stackTrace.
[2m2021-03-05 08:48:04.931[0;39m [] [31mERROR[0;39m [35m1528[0;39m [2m---[0;39m [2m[nio-8080-exec-3][0;39m [36mcom.revature.services.CustomerService   [0;39m [2m:[0;39m ::

com.revature.exceptions.InvalidException: test
	at com.revature.services.CustomerService.login(CustomerService.java:65)
	at com.revature.controllers.CustomerController.login(CustomerController.java:42)
	at sun.reflect.NativeMethodAccessorImpl.invoke0(Native Method)
	at sun.reflect.NativeMethodAccessorImpl.invoke(Unknown Source)
	at sun.reflect.DelegatingMethodAccessorImpl.invoke(Unknown Source)
	at java.lang.reflect.Method.invoke(Unknown Source)
	at org.springframework.web.method.support.InvocableHandlerMethod.doInvoke(InvocableHandlerMethod.java:197)
	at org.springframework.web.method.support.InvocableHandlerMethod.invokeForRequest(InvocableHandlerMethod.java:141)
	at org.springframework.web.servlet.mvc.method.annotation.ServletInvocableHandlerMethod.invokeAndHandle(ServletInvocableHandlerMethod.java:106)
	at org.springframework.web.servlet.mvc.method.annotation.RequestMappingHandlerAdapter.invokeHandlerMethod(RequestMappingHandlerAdapter.java:894)
	at org.springframework.web.servlet.mvc.method.annotation.RequestMappingHandlerAdapter.handleInternal(RequestMappingHandlerAdapter.java:808)
	at org.springframework.web.servlet.mvc.method.AbstractHandlerMethodAdapter.handle(AbstractHandlerMethodAdapter.java:87)
	at org.springframework.web.servlet.DispatcherServlet.doDispatch(DispatcherServlet.java:1060)
	at org.springframework.web.servlet.DispatcherServlet.doService(DispatcherServlet.java:962)
	at org.springframework.web.servlet.FrameworkServlet.processRequest(FrameworkServlet.java:1006)
	at org.springframework.web.servlet.FrameworkServlet.doPost(FrameworkServlet.java:909)
	at javax.servlet.http.HttpServlet.service(HttpServlet.java:652)
	at org.springframework.web.servlet.FrameworkServlet.service(FrameworkServlet.java:883)
	at javax.servlet.http.HttpServlet.service(HttpServlet.java:733)
	at org.apache.catalina.core.ApplicationFilterChain.internalDoFilter(ApplicationFilterChain.java:227)
	at org.apache.catalina.core.ApplicationFilterChain.doFilter(ApplicationFilterChain.java:162)
	at org.apache.tomcat.websocket.server.WsFilter.doFilter(WsFilter.java:53)
	at org.apache.catalina.core.ApplicationFilterChain.internalDoFilter(ApplicationFilterChain.java:189)
	at org.apache.catalina.core.ApplicationFilterChain.doFilter(ApplicationFilterChain.java:162)
	at com.revature.filters.DurationFilter.doFilterInternal(DurationFilter.java:31)
	at org.springframework.web.filter.OncePerRequestFilter.doFilter(OncePerRequestFilter.java:119)
	at org.apache.catalina.core.ApplicationFilterChain.internalDoFilter(ApplicationFilterChain.java:189)
	at org.apache.catalina.core.ApplicationFilterChain.doFilter(ApplicationFilterChain.java:162)
	at org.springframework.web.filter.RequestContextFilter.doFilterInternal(RequestContextFilter.java:100)
	at org.springframework.web.filter.OncePerRequestFilter.doFilter(OncePerRequestFilter.java:119)
	at org.apache.catalina.core.ApplicationFilterChain.internalDoFilter(ApplicationFilterChain.java:189)
	at org.apache.catalina.core.ApplicationFilterChain.doFilter(ApplicationFilterChain.java:162)
	at org.springframework.web.filter.FormContentFilter.doFilterInternal(FormContentFilter.java:93)
	at org.springframework.web.filter.OncePerRequestFilter.doFilter(OncePerRequestFilter.java:119)
	at org.apache.catalina.core.ApplicationFilterChain.internalDoFilter(ApplicationFilterChain.java:189)
	at org.apache.catalina.core.ApplicationFilterChain.doFilter(ApplicationFilterChain.java:162)
	at org.springframework.boot.actuate.metrics.web.servlet.WebMvcMetricsFilter.doFilterInternal(WebMvcMetricsFilter.java:93)
	at org.springframework.web.filter.OncePerRequestFilter.doFilter(OncePerRequestFilter.java:119)
	at org.apache.catalina.core.ApplicationFilterChain.internalDoFilter(ApplicationFilterChain.java:189)
	at org.apache.catalina.core.ApplicationFilterChain.doFilter(ApplicationFilterChain.java:162)
	at org.springframework.web.filter.CharacterEncodingFilter.doFilterInternal(CharacterEncodingFilter.java:201)
	at org.springframework.web.filter.OncePerRequestFilter.doFilter(OncePerRequestFilter.java:119)
	at org.apache.catalina.core.ApplicationFilterChain.internalDoFilter(ApplicationFilterChain.java:189)
	at org.apache.catalina.core.ApplicationFilterChain.doFilter(ApplicationFilterChain.java:162)
	at org.apache.catalina.core.StandardWrapperValve.invoke(StandardWrapperValve.java:202)
	at org.apache.catalina.core.StandardContextValve.invoke(StandardContextValve.java:97)
	at org.apache.catalina.authenticator.AuthenticatorBase.invoke(AuthenticatorBase.java:542)
	at org.apache.catalina.core.StandardHostValve.invoke(StandardHostValve.java:143)
	at org.apache.catalina.valves.ErrorReportValve.invoke(ErrorReportValve.java:92)
	at org.apache.catalina.core.StandardEngineValve.invoke(StandardEngineValve.java:78)
	at org.apache.catalina.connector.CoyoteAdapter.service(CoyoteAdapter.java:346)
	at org.apache.coyote.http11.Http11Processor.service(Http11Processor.java:374)
	at org.apache.coyote.AbstractProcessorLight.process(AbstractProcessorLight.java:65)
	at org.apache.coyote.AbstractProtocol$ConnectionHandler.process(AbstractProtocol.java:887)
	at org.apache.tomcat.util.net.NioEndpoint$SocketProcessor.doRun(NioEndpoint.java:1684)
	at org.apache.tomcat.util.net.SocketProcessorBase.run(SocketProcessorBase.java:49)
	at java.util.concurrent.ThreadPoolExecutor.runWorker(Unknown Source)
	at java.util.concurrent.ThreadPoolExecutor$Worker.run(Unknown Source)
	at org.apache.tomcat.util.threads.TaskThread$WrappingRunnable.run(TaskThread.java:61)
	at java.lang.Thread.run(Unknown Source)

[2m2021-03-05 08:48:04.932[0;39m [Exception=Invalid] [31mERROR[0;39m [35m1528[0;39m [2m---[0;39m [2m[nio-8080-exec-3][0;39m [36mc.revature.exceptions.InvalidException  [0;39m [2m:[0;39m LOGIN: User 2 already logged in on this device.
[2m2021-03-05 08:48:04.932[0;39m [Exception=Invalid] [32m INFO[0;39m [35m1528[0;39m [2m---[0;39m [2m[nio-8080-exec-3][0;39m [36mc.revature.exceptions.InvalidException  [0;39m [2m:[0;39m End of stackTrace.
[2m2021-03-05 08:48:04.935[0;39m [Duration=77ms] [32m INFO[0;39m [35m1528[0;39m [2m---[0;39m [2m[nio-8080-exec-3][0;39m [36mcom.revature.filters.DurationFilter     [0;39m [2m:[0;39m Request has finished processing.
[2m2021-03-05 08:49:36.072[0;39m [] [32m INFO[0;39m [35m1528[0;39m [2m---[0;39m [2m[  restartedMain][0;39m [36mcom.revature.Project1Application        [0;39m [2m:[0;39m Starting Project1Application using Java 1.8.0_281 on LAPTOP-817RMPCJ with PID 1528 (D:\Documents\revature\210201sre\jdemos\Project1\target\classes started by MASK in D:\Documents\revature\210201sre\jdemos\Project1)
[2m2021-03-05 08:49:38.099[0;39m [] [32m INFO[0;39m [35m1528[0;39m [2m---[0;39m [2m[  restartedMain][0;39m [36mcom.revature.Project1Application        [0;39m [2m:[0;39m No active profile set, falling back to default profiles: default
[2m2021-03-05 08:49:39.406[0;39m [] [32m INFO[0;39m [35m1528[0;39m [2m---[0;39m [2m[  restartedMain][0;39m [36mcom.revature.Project1Application        [0;39m [2m:[0;39m Started Project1Application in 5.402 seconds (JVM running for 127.196)
[2m2021-03-05 08:50:41.813[0;39m [Start=1614955841685, Duration=128ms] [32m INFO[0;39m [35m1528[0;39m [2m---[0;39m [2m[nio-8080-exec-2][0;39m [36mcom.revature.filters.DurationFilter     [0;39m [2m:[0;39m Request has finished processing.
[2m2021-03-05 08:50:43.344[0;39m [Start=1614955843268, Duration=71ms, Exception=Invalid] [31mERROR[0;39m [35m1528[0;39m [2m---[0;39m [2m[nio-8080-exec-4][0;39m [36mc.revature.exceptions.InvalidException  [0;39m [2m:[0;39m test
[2m2021-03-05 08:50:43.842[0;39m [Start=1614955843268, Duration=71ms, Exception=Invalid] [32m INFO[0;39m [35m1528[0;39m [2m---[0;39m [2m[nio-8080-exec-4][0;39m [36mc.revature.exceptions.InvalidException  [0;39m [2m:[0;39m End of stackTrace.
[2m2021-03-05 08:50:43.844[0;39m [] [31mERROR[0;39m [35m1528[0;39m [2m---[0;39m [2m[nio-8080-exec-4][0;39m [36mcom.revature.services.CustomerService   [0;39m [2m:[0;39m ::

com.revature.exceptions.InvalidException: test
	at com.revature.services.CustomerService.login(CustomerService.java:65)
	at com.revature.controllers.CustomerController.login(CustomerController.java:42)
	at sun.reflect.NativeMethodAccessorImpl.invoke0(Native Method)
	at sun.reflect.NativeMethodAccessorImpl.invoke(Unknown Source)
	at sun.reflect.DelegatingMethodAccessorImpl.invoke(Unknown Source)
	at java.lang.reflect.Method.invoke(Unknown Source)
	at org.springframework.web.method.support.InvocableHandlerMethod.doInvoke(InvocableHandlerMethod.java:197)
	at org.springframework.web.method.support.InvocableHandlerMethod.invokeForRequest(InvocableHandlerMethod.java:141)
	at org.springframework.web.servlet.mvc.method.annotation.ServletInvocableHandlerMethod.invokeAndHandle(ServletInvocableHandlerMethod.java:106)
	at org.springframework.web.servlet.mvc.method.annotation.RequestMappingHandlerAdapter.invokeHandlerMethod(RequestMappingHandlerAdapter.java:894)
	at org.springframework.web.servlet.mvc.method.annotation.RequestMappingHandlerAdapter.handleInternal(RequestMappingHandlerAdapter.java:808)
	at org.springframework.web.servlet.mvc.method.AbstractHandlerMethodAdapter.handle(AbstractHandlerMethodAdapter.java:87)
	at org.springframework.web.servlet.DispatcherServlet.doDispatch(DispatcherServlet.java:1060)
	at org.springframework.web.servlet.DispatcherServlet.doService(DispatcherServlet.java:962)
	at org.springframework.web.servlet.FrameworkServlet.processRequest(FrameworkServlet.java:1006)
	at org.springframework.web.servlet.FrameworkServlet.doPost(FrameworkServlet.java:909)
	at javax.servlet.http.HttpServlet.service(HttpServlet.java:652)
	at org.springframework.web.servlet.FrameworkServlet.service(FrameworkServlet.java:883)
	at javax.servlet.http.HttpServlet.service(HttpServlet.java:733)
	at org.apache.catalina.core.ApplicationFilterChain.internalDoFilter(ApplicationFilterChain.java:227)
	at org.apache.catalina.core.ApplicationFilterChain.doFilter(ApplicationFilterChain.java:162)
	at org.apache.tomcat.websocket.server.WsFilter.doFilter(WsFilter.java:53)
	at org.apache.catalina.core.ApplicationFilterChain.internalDoFilter(ApplicationFilterChain.java:189)
	at org.apache.catalina.core.ApplicationFilterChain.doFilter(ApplicationFilterChain.java:162)
	at com.revature.filters.DurationFilter.doFilterInternal(DurationFilter.java:31)
	at org.springframework.web.filter.OncePerRequestFilter.doFilter(OncePerRequestFilter.java:119)
	at org.apache.catalina.core.ApplicationFilterChain.internalDoFilter(ApplicationFilterChain.java:189)
	at org.apache.catalina.core.ApplicationFilterChain.doFilter(ApplicationFilterChain.java:162)
	at org.springframework.web.filter.RequestContextFilter.doFilterInternal(RequestContextFilter.java:100)
	at org.springframework.web.filter.OncePerRequestFilter.doFilter(OncePerRequestFilter.java:119)
	at org.apache.catalina.core.ApplicationFilterChain.internalDoFilter(ApplicationFilterChain.java:189)
	at org.apache.catalina.core.ApplicationFilterChain.doFilter(ApplicationFilterChain.java:162)
	at org.springframework.web.filter.FormContentFilter.doFilterInternal(FormContentFilter.java:93)
	at org.springframework.web.filter.OncePerRequestFilter.doFilter(OncePerRequestFilter.java:119)
	at org.apache.catalina.core.ApplicationFilterChain.internalDoFilter(ApplicationFilterChain.java:189)
	at org.apache.catalina.core.ApplicationFilterChain.doFilter(ApplicationFilterChain.java:162)
	at org.springframework.boot.actuate.metrics.web.servlet.WebMvcMetricsFilter.doFilterInternal(WebMvcMetricsFilter.java:93)
	at org.springframework.web.filter.OncePerRequestFilter.doFilter(OncePerRequestFilter.java:119)
	at org.apache.catalina.core.ApplicationFilterChain.internalDoFilter(ApplicationFilterChain.java:189)
	at org.apache.catalina.core.ApplicationFilterChain.doFilter(ApplicationFilterChain.java:162)
	at org.springframework.web.filter.CharacterEncodingFilter.doFilterInternal(CharacterEncodingFilter.java:201)
	at org.springframework.web.filter.OncePerRequestFilter.doFilter(OncePerRequestFilter.java:119)
	at org.apache.catalina.core.ApplicationFilterChain.internalDoFilter(ApplicationFilterChain.java:189)
	at org.apache.catalina.core.ApplicationFilterChain.doFilter(ApplicationFilterChain.java:162)
	at org.apache.catalina.core.StandardWrapperValve.invoke(StandardWrapperValve.java:202)
	at org.apache.catalina.core.StandardContextValve.invoke(StandardContextValve.java:97)
	at org.apache.catalina.authenticator.AuthenticatorBase.invoke(AuthenticatorBase.java:542)
	at org.apache.catalina.core.StandardHostValve.invoke(StandardHostValve.java:143)
	at org.apache.catalina.valves.ErrorReportValve.invoke(ErrorReportValve.java:92)
	at org.apache.catalina.core.StandardEngineValve.invoke(StandardEngineValve.java:78)
	at org.apache.catalina.connector.CoyoteAdapter.service(CoyoteAdapter.java:346)
	at org.apache.coyote.http11.Http11Processor.service(Http11Processor.java:374)
	at org.apache.coyote.AbstractProcessorLight.process(AbstractProcessorLight.java:65)
	at org.apache.coyote.AbstractProtocol$ConnectionHandler.process(AbstractProtocol.java:887)
	at org.apache.tomcat.util.net.NioEndpoint$SocketProcessor.doRun(NioEndpoint.java:1684)
	at org.apache.tomcat.util.net.SocketProcessorBase.run(SocketProcessorBase.java:49)
	at java.util.concurrent.ThreadPoolExecutor.runWorker(Unknown Source)
	at java.util.concurrent.ThreadPoolExecutor$Worker.run(Unknown Source)
	at org.apache.tomcat.util.threads.TaskThread$WrappingRunnable.run(TaskThread.java:61)
	at java.lang.Thread.run(Unknown Source)

[2m2021-03-05 08:50:43.846[0;39m [Exception=Invalid] [31mERROR[0;39m [35m1528[0;39m [2m---[0;39m [2m[nio-8080-exec-4][0;39m [36mc.revature.exceptions.InvalidException  [0;39m [2m:[0;39m LOGIN: User 2 already logged in on this device.
[2m2021-03-05 08:50:43.846[0;39m [Exception=Invalid] [32m INFO[0;39m [35m1528[0;39m [2m---[0;39m [2m[nio-8080-exec-4][0;39m [36mc.revature.exceptions.InvalidException  [0;39m [2m:[0;39m End of stackTrace.
[2m2021-03-05 08:50:43.847[0;39m [Duration=579ms] [32m INFO[0;39m [35m1528[0;39m [2m---[0;39m [2m[nio-8080-exec-4][0;39m [36mcom.revature.filters.DurationFilter     [0;39m [2m:[0;39m Request has finished processing.
[2m2021-03-05 08:52:09.684[0;39m [] [32m INFO[0;39m [35m1528[0;39m [2m---[0;39m [2m[  restartedMain][0;39m [36mcom.revature.Project1Application        [0;39m [2m:[0;39m Starting Project1Application using Java 1.8.0_281 on LAPTOP-817RMPCJ with PID 1528 (D:\Documents\revature\210201sre\jdemos\Project1\target\classes started by MASK in D:\Documents\revature\210201sre\jdemos\Project1)
[2m2021-03-05 08:52:11.733[0;39m [] [32m INFO[0;39m [35m1528[0;39m [2m---[0;39m [2m[  restartedMain][0;39m [36mcom.revature.Project1Application        [0;39m [2m:[0;39m No active profile set, falling back to default profiles: default
[2m2021-03-05 08:52:12.920[0;39m [] [32m INFO[0;39m [35m1528[0;39m [2m---[0;39m [2m[  restartedMain][0;39m [36mcom.revature.Project1Application        [0;39m [2m:[0;39m Started Project1Application in 5.298 seconds (JVM running for 280.708)
[2m2021-03-05 08:52:19.582[0;39m [Start=1614955939458, Duration=124ms] [32m INFO[0;39m [35m1528[0;39m [2m---[0;39m [2m[nio-8080-exec-2][0;39m [36mcom.revature.filters.DurationFilter     [0;39m [2m:[0;39m Request has finished processing.
[2m2021-03-05 08:52:26.660[0;39m [Start=1614955946593, Duration=67ms, Exception=Invalid] [31mERROR[0;39m [35m1528[0;39m [2m---[0;39m [2m[nio-8080-exec-3][0;39m [36mc.revature.exceptions.InvalidException  [0;39m [2m:[0;39m LOGIN: User 2 already logged in on this device.

java.lang.RuntimeException: null
	at com.revature.exceptions.InvalidException.<init>(InvalidException.java:23)
	at com.revature.services.CustomerService.login(CustomerService.java:65)
	at com.revature.controllers.CustomerController.login(CustomerController.java:42)
	at sun.reflect.NativeMethodAccessorImpl.invoke0(Native Method)
	at sun.reflect.NativeMethodAccessorImpl.invoke(Unknown Source)
	at sun.reflect.DelegatingMethodAccessorImpl.invoke(Unknown Source)
	at java.lang.reflect.Method.invoke(Unknown Source)
	at org.springframework.web.method.support.InvocableHandlerMethod.doInvoke(InvocableHandlerMethod.java:197)
	at org.springframework.web.method.support.InvocableHandlerMethod.invokeForRequest(InvocableHandlerMethod.java:141)
	at org.springframework.web.servlet.mvc.method.annotation.ServletInvocableHandlerMethod.invokeAndHandle(ServletInvocableHandlerMethod.java:106)
	at org.springframework.web.servlet.mvc.method.annotation.RequestMappingHandlerAdapter.invokeHandlerMethod(RequestMappingHandlerAdapter.java:894)
	at org.springframework.web.servlet.mvc.method.annotation.RequestMappingHandlerAdapter.handleInternal(RequestMappingHandlerAdapter.java:808)
	at org.springframework.web.servlet.mvc.method.AbstractHandlerMethodAdapter.handle(AbstractHandlerMethodAdapter.java:87)
	at org.springframework.web.servlet.DispatcherServlet.doDispatch(DispatcherServlet.java:1060)
	at org.springframework.web.servlet.DispatcherServlet.doService(DispatcherServlet.java:962)
	at org.springframework.web.servlet.FrameworkServlet.processRequest(FrameworkServlet.java:1006)
	at org.springframework.web.servlet.FrameworkServlet.doPost(FrameworkServlet.java:909)
	at javax.servlet.http.HttpServlet.service(HttpServlet.java:652)
	at org.springframework.web.servlet.FrameworkServlet.service(FrameworkServlet.java:883)
	at javax.servlet.http.HttpServlet.service(HttpServlet.java:733)
	at org.apache.catalina.core.ApplicationFilterChain.internalDoFilter(ApplicationFilterChain.java:227)
	at org.apache.catalina.core.ApplicationFilterChain.doFilter(ApplicationFilterChain.java:162)
	at org.apache.tomcat.websocket.server.WsFilter.doFilter(WsFilter.java:53)
	at org.apache.catalina.core.ApplicationFilterChain.internalDoFilter(ApplicationFilterChain.java:189)
	at org.apache.catalina.core.ApplicationFilterChain.doFilter(ApplicationFilterChain.java:162)
	at com.revature.filters.DurationFilter.doFilterInternal(DurationFilter.java:31)
	at org.springframework.web.filter.OncePerRequestFilter.doFilter(OncePerRequestFilter.java:119)
	at org.apache.catalina.core.ApplicationFilterChain.internalDoFilter(ApplicationFilterChain.java:189)
	at org.apache.catalina.core.ApplicationFilterChain.doFilter(ApplicationFilterChain.java:162)
	at org.springframework.web.filter.RequestContextFilter.doFilterInternal(RequestContextFilter.java:100)
	at org.springframework.web.filter.OncePerRequestFilter.doFilter(OncePerRequestFilter.java:119)
	at org.apache.catalina.core.ApplicationFilterChain.internalDoFilter(ApplicationFilterChain.java:189)
	at org.apache.catalina.core.ApplicationFilterChain.doFilter(ApplicationFilterChain.java:162)
	at org.springframework.web.filter.FormContentFilter.doFilterInternal(FormContentFilter.java:93)
	at org.springframework.web.filter.OncePerRequestFilter.doFilter(OncePerRequestFilter.java:119)
	at org.apache.catalina.core.ApplicationFilterChain.internalDoFilter(ApplicationFilterChain.java:189)
	at org.apache.catalina.core.ApplicationFilterChain.doFilter(ApplicationFilterChain.java:162)
	at org.springframework.boot.actuate.metrics.web.servlet.WebMvcMetricsFilter.doFilterInternal(WebMvcMetricsFilter.java:93)
	at org.springframework.web.filter.OncePerRequestFilter.doFilter(OncePerRequestFilter.java:119)
	at org.apache.catalina.core.ApplicationFilterChain.internalDoFilter(ApplicationFilterChain.java:189)
	at org.apache.catalina.core.ApplicationFilterChain.doFilter(ApplicationFilterChain.java:162)
	at org.springframework.web.filter.CharacterEncodingFilter.doFilterInternal(CharacterEncodingFilter.java:201)
	at org.springframework.web.filter.OncePerRequestFilter.doFilter(OncePerRequestFilter.java:119)
	at org.apache.catalina.core.ApplicationFilterChain.internalDoFilter(ApplicationFilterChain.java:189)
	at org.apache.catalina.core.ApplicationFilterChain.doFilter(ApplicationFilterChain.java:162)
	at org.apache.catalina.core.StandardWrapperValve.invoke(StandardWrapperValve.java:202)
	at org.apache.catalina.core.StandardContextValve.invoke(StandardContextValve.java:97)
	at org.apache.catalina.authenticator.AuthenticatorBase.invoke(AuthenticatorBase.java:542)
	at org.apache.catalina.core.StandardHostValve.invoke(StandardHostValve.java:143)
	at org.apache.catalina.valves.ErrorReportValve.invoke(ErrorReportValve.java:92)
	at org.apache.catalina.core.StandardEngineValve.invoke(StandardEngineValve.java:78)
	at org.apache.catalina.connector.CoyoteAdapter.service(CoyoteAdapter.java:346)
	at org.apache.coyote.http11.Http11Processor.service(Http11Processor.java:374)
	at org.apache.coyote.AbstractProcessorLight.process(AbstractProcessorLight.java:65)
	at org.apache.coyote.AbstractProtocol$ConnectionHandler.process(AbstractProtocol.java:887)
	at org.apache.tomcat.util.net.NioEndpoint$SocketProcessor.doRun(NioEndpoint.java:1684)
	at org.apache.tomcat.util.net.SocketProcessorBase.run(SocketProcessorBase.java:49)
	at java.util.concurrent.ThreadPoolExecutor.runWorker(Unknown Source)
	at java.util.concurrent.ThreadPoolExecutor$Worker.run(Unknown Source)
	at org.apache.tomcat.util.threads.TaskThread$WrappingRunnable.run(TaskThread.java:61)
	at java.lang.Thread.run(Unknown Source)

[2m2021-03-05 08:52:28.702[0;39m [Start=1614955946593, Duration=67ms, Exception=Invalid] [32m INFO[0;39m [35m1528[0;39m [2m---[0;39m [2m[nio-8080-exec-3][0;39m [36mc.revature.exceptions.InvalidException  [0;39m [2m:[0;39m End of stackTrace.
[2m2021-03-05 08:52:28.702[0;39m [Duration=2109ms] [32m INFO[0;39m [35m1528[0;39m [2m---[0;39m [2m[nio-8080-exec-3][0;39m [36mcom.revature.filters.DurationFilter     [0;39m [2m:[0;39m Request has finished processing.
[2m2021-03-05 08:54:23.331[0;39m [] [32m INFO[0;39m [35m1528[0;39m [2m---[0;39m [2m[  restartedMain][0;39m [36mcom.revature.Project1Application        [0;39m [2m:[0;39m Starting Project1Application using Java 1.8.0_281 on LAPTOP-817RMPCJ with PID 1528 (D:\Documents\revature\210201sre\jdemos\Project1\target\classes started by MASK in D:\Documents\revature\210201sre\jdemos\Project1)
[2m2021-03-05 08:54:25.374[0;39m [] [32m INFO[0;39m [35m1528[0;39m [2m---[0;39m [2m[  restartedMain][0;39m [36mcom.revature.Project1Application        [0;39m [2m:[0;39m No active profile set, falling back to default profiles: default
[2m2021-03-05 08:54:26.592[0;39m [] [32m INFO[0;39m [35m1528[0;39m [2m---[0;39m [2m[  restartedMain][0;39m [36mcom.revature.Project1Application        [0;39m [2m:[0;39m Started Project1Application in 5.32 seconds (JVM running for 414.38)
[2m2021-03-05 08:54:32.520[0;39m [Start=1614956072387, Duration=133ms] [32m INFO[0;39m [35m1528[0;39m [2m---[0;39m [2m[nio-8080-exec-2][0;39m [36mcom.revature.filters.DurationFilter     [0;39m [2m:[0;39m Request has finished processing.
[2m2021-03-05 08:54:36.210[0;39m [Start=1614956076142, Duration=67ms, Exception=Invalid] [31mERROR[0;39m [35m1528[0;39m [2m---[0;39m [2m[nio-8080-exec-3][0;39m [36mc.revature.exceptions.InvalidException  [0;39m [2m:[0;39m LOGIN: User 2 already logged in on this device.

com.revature.exceptions.InvalidException: LOGIN: User 2 already logged in on this device.
	at com.revature.services.CustomerService.login(CustomerService.java:65)
	at com.revature.controllers.CustomerController.login(CustomerController.java:42)
	at sun.reflect.NativeMethodAccessorImpl.invoke0(Native Method)
	at sun.reflect.NativeMethodAccessorImpl.invoke(Unknown Source)
	at sun.reflect.DelegatingMethodAccessorImpl.invoke(Unknown Source)
	at java.lang.reflect.Method.invoke(Unknown Source)
	at org.springframework.web.method.support.InvocableHandlerMethod.doInvoke(InvocableHandlerMethod.java:197)
	at org.springframework.web.method.support.InvocableHandlerMethod.invokeForRequest(InvocableHandlerMethod.java:141)
	at org.springframework.web.servlet.mvc.method.annotation.ServletInvocableHandlerMethod.invokeAndHandle(ServletInvocableHandlerMethod.java:106)
	at org.springframework.web.servlet.mvc.method.annotation.RequestMappingHandlerAdapter.invokeHandlerMethod(RequestMappingHandlerAdapter.java:894)
	at org.springframework.web.servlet.mvc.method.annotation.RequestMappingHandlerAdapter.handleInternal(RequestMappingHandlerAdapter.java:808)
	at org.springframework.web.servlet.mvc.method.AbstractHandlerMethodAdapter.handle(AbstractHandlerMethodAdapter.java:87)
	at org.springframework.web.servlet.DispatcherServlet.doDispatch(DispatcherServlet.java:1060)
	at org.springframework.web.servlet.DispatcherServlet.doService(DispatcherServlet.java:962)
	at org.springframework.web.servlet.FrameworkServlet.processRequest(FrameworkServlet.java:1006)
	at org.springframework.web.servlet.FrameworkServlet.doPost(FrameworkServlet.java:909)
	at javax.servlet.http.HttpServlet.service(HttpServlet.java:652)
	at org.springframework.web.servlet.FrameworkServlet.service(FrameworkServlet.java:883)
	at javax.servlet.http.HttpServlet.service(HttpServlet.java:733)
	at org.apache.catalina.core.ApplicationFilterChain.internalDoFilter(ApplicationFilterChain.java:227)
	at org.apache.catalina.core.ApplicationFilterChain.doFilter(ApplicationFilterChain.java:162)
	at org.apache.tomcat.websocket.server.WsFilter.doFilter(WsFilter.java:53)
	at org.apache.catalina.core.ApplicationFilterChain.internalDoFilter(ApplicationFilterChain.java:189)
	at org.apache.catalina.core.ApplicationFilterChain.doFilter(ApplicationFilterChain.java:162)
	at com.revature.filters.DurationFilter.doFilterInternal(DurationFilter.java:31)
	at org.springframework.web.filter.OncePerRequestFilter.doFilter(OncePerRequestFilter.java:119)
	at org.apache.catalina.core.ApplicationFilterChain.internalDoFilter(ApplicationFilterChain.java:189)
	at org.apache.catalina.core.ApplicationFilterChain.doFilter(ApplicationFilterChain.java:162)
	at org.springframework.web.filter.RequestContextFilter.doFilterInternal(RequestContextFilter.java:100)
	at org.springframework.web.filter.OncePerRequestFilter.doFilter(OncePerRequestFilter.java:119)
	at org.apache.catalina.core.ApplicationFilterChain.internalDoFilter(ApplicationFilterChain.java:189)
	at org.apache.catalina.core.ApplicationFilterChain.doFilter(ApplicationFilterChain.java:162)
	at org.springframework.web.filter.FormContentFilter.doFilterInternal(FormContentFilter.java:93)
	at org.springframework.web.filter.OncePerRequestFilter.doFilter(OncePerRequestFilter.java:119)
	at org.apache.catalina.core.ApplicationFilterChain.internalDoFilter(ApplicationFilterChain.java:189)
	at org.apache.catalina.core.ApplicationFilterChain.doFilter(ApplicationFilterChain.java:162)
	at org.springframework.boot.actuate.metrics.web.servlet.WebMvcMetricsFilter.doFilterInternal(WebMvcMetricsFilter.java:93)
	at org.springframework.web.filter.OncePerRequestFilter.doFilter(OncePerRequestFilter.java:119)
	at org.apache.catalina.core.ApplicationFilterChain.internalDoFilter(ApplicationFilterChain.java:189)
	at org.apache.catalina.core.ApplicationFilterChain.doFilter(ApplicationFilterChain.java:162)
	at org.springframework.web.filter.CharacterEncodingFilter.doFilterInternal(CharacterEncodingFilter.java:201)
	at org.springframework.web.filter.OncePerRequestFilter.doFilter(OncePerRequestFilter.java:119)
	at org.apache.catalina.core.ApplicationFilterChain.internalDoFilter(ApplicationFilterChain.java:189)
	at org.apache.catalina.core.ApplicationFilterChain.doFilter(ApplicationFilterChain.java:162)
	at org.apache.catalina.core.StandardWrapperValve.invoke(StandardWrapperValve.java:202)
	at org.apache.catalina.core.StandardContextValve.invoke(StandardContextValve.java:97)
	at org.apache.catalina.authenticator.AuthenticatorBase.invoke(AuthenticatorBase.java:542)
	at org.apache.catalina.core.StandardHostValve.invoke(StandardHostValve.java:143)
	at org.apache.catalina.valves.ErrorReportValve.invoke(ErrorReportValve.java:92)
	at org.apache.catalina.core.StandardEngineValve.invoke(StandardEngineValve.java:78)
	at org.apache.catalina.connector.CoyoteAdapter.service(CoyoteAdapter.java:346)
	at org.apache.coyote.http11.Http11Processor.service(Http11Processor.java:374)
	at org.apache.coyote.AbstractProcessorLight.process(AbstractProcessorLight.java:65)
	at org.apache.coyote.AbstractProtocol$ConnectionHandler.process(AbstractProtocol.java:887)
	at org.apache.tomcat.util.net.NioEndpoint$SocketProcessor.doRun(NioEndpoint.java:1684)
	at org.apache.tomcat.util.net.SocketProcessorBase.run(SocketProcessorBase.java:49)
	at java.util.concurrent.ThreadPoolExecutor.runWorker(Unknown Source)
	at java.util.concurrent.ThreadPoolExecutor$Worker.run(Unknown Source)
	at org.apache.tomcat.util.threads.TaskThread$WrappingRunnable.run(TaskThread.java:61)
	at java.lang.Thread.run(Unknown Source)

[2m2021-03-05 08:54:38.268[0;39m [Start=1614956076142, Duration=67ms, Exception=Invalid] [32m INFO[0;39m [35m1528[0;39m [2m---[0;39m [2m[nio-8080-exec-3][0;39m [36mc.revature.exceptions.InvalidException  [0;39m [2m:[0;39m End of stackTrace.
[2m2021-03-05 08:54:38.268[0;39m [Duration=2126ms] [32m INFO[0;39m [35m1528[0;39m [2m---[0;39m [2m[nio-8080-exec-3][0;39m [36mcom.revature.filters.DurationFilter     [0;39m [2m:[0;39m Request has finished processing.
2021-03-05 09:08:43.028 []  INFO 17784 --- [           main] com.revature.Project1ApplicationTests    : Starting Project1ApplicationTests using Java 1.8.0_281 on LAPTOP-817RMPCJ with PID 17784 (started by MASK in D:\Documents\revature\210201sre\jdemos\Project1)
2021-03-05 09:08:45.076 []  INFO 17784 --- [           main] com.revature.Project1ApplicationTests    : No active profile set, falling back to default profiles: default
2021-03-05 09:08:52.433 []  INFO 17784 --- [           main] com.revature.Project1ApplicationTests    : Started Project1ApplicationTests in 11.713 seconds (JVM running for 12.796)
2021-03-05 09:10:24.107 []  INFO 12956 --- [           main] com.revature.Project1ApplicationTests    : Starting Project1ApplicationTests using Java 1.8.0_281 on LAPTOP-817RMPCJ with PID 12956 (started by MASK in D:\Documents\revature\210201sre\jdemos\Project1)
2021-03-05 09:10:26.166 []  INFO 12956 --- [           main] com.revature.Project1ApplicationTests    : No active profile set, falling back to default profiles: default
2021-03-05 09:10:33.445 []  INFO 12956 --- [           main] com.revature.Project1ApplicationTests    : Started Project1ApplicationTests in 11.906 seconds (JVM running for 13.257)
2021-03-05 09:12:52.335 []  INFO 13668 --- [           main] com.revature.Project1ApplicationTests    : Starting Project1ApplicationTests using Java 1.8.0_281 on LAPTOP-817RMPCJ with PID 13668 (started by MASK in D:\Documents\revature\210201sre\jdemos\Project1)
2021-03-05 09:12:54.380 []  INFO 13668 --- [           main] com.revature.Project1ApplicationTests    : No active profile set, falling back to default profiles: default
2021-03-05 09:13:08.066 []  INFO 13668 --- [           main] com.revature.Project1ApplicationTests    : Started Project1ApplicationTests in 18.219 seconds (JVM running for 19.924)
[2m2021-03-07 19:27:45.455[0;39m [] [32m INFO[0;39m [35m25976[0;39m [2m---[0;39m [2m[  restartedMain][0;39m [36mcom.revature.Project1Application        [0;39m [2m:[0;39m Starting Project1Application using Java 1.8.0_281 on LAPTOP-817RMPCJ with PID 25976 (D:\Documents\revature\210201sre\jdemos\Project1\target\classes started by MASK in D:\Documents\revature\210201sre\jdemos\Project1)
[2m2021-03-07 19:27:47.519[0;39m [] [32m INFO[0;39m [35m25976[0;39m [2m---[0;39m [2m[  restartedMain][0;39m [36mcom.revature.Project1Application        [0;39m [2m:[0;39m No active profile set, falling back to default profiles: default
[2m2021-03-07 19:27:56.362[0;39m [] [32m INFO[0;39m [35m25976[0;39m [2m---[0;39m [2m[  restartedMain][0;39m [36mcom.revature.Project1Application        [0;39m [2m:[0;39m Started Project1Application in 13.53 seconds (JVM running for 16.491)
[2m2021-03-07 19:29:32.177[0;39m [Action=Login, Start=1615166971591, Duration=586ms] [32m INFO[0;39m [35m25976[0;39m [2m---[0;39m [2m[nio-8080-exec-1][0;39m [36mcom.revature.filters.DurationFilter     [0;39m [2m:[0;39m Request processed.
2021-03-07 23:47:33.503 []  INFO 13452 --- [           main] com.revature.Project1ApplicationTests    : Starting Project1ApplicationTests using Java 1.8.0_281 on LAPTOP-817RMPCJ with PID 13452 (started by MASK in D:\Documents\revature\210201sre\jdemos\Project1)
2021-03-07 23:47:35.568 []  INFO 13452 --- [           main] com.revature.Project1ApplicationTests    : No active profile set, falling back to default profiles: default
2021-03-07 23:47:49.863 []  INFO 13452 --- [           main] com.revature.Project1ApplicationTests    : Started Project1ApplicationTests in 18.959 seconds (JVM running for 21.449)
2021-03-08 10:04:45.732 []  INFO 1080 --- [           main] com.revature.Project1ApplicationTests    : Starting Project1ApplicationTests using Java 1.8.0_281 on LAPTOP-817RMPCJ with PID 1080 (started by MASK in D:\Documents\revature\210201sre\jdemos\Project1)
2021-03-08 10:04:47.900 []  INFO 1080 --- [           main] com.revature.Project1ApplicationTests    : No active profile set, falling back to default profiles: default
2021-03-08 10:04:56.991 []  INFO 1080 --- [           main] com.revature.Project1ApplicationTests    : Started Project1ApplicationTests in 13.686 seconds (JVM running for 15.533)
2021-03-08 10:05:52.264 []  INFO 18136 --- [           main] com.revature.Project1ApplicationTests    : Starting Project1ApplicationTests using Java 1.8.0_281 on LAPTOP-817RMPCJ with PID 18136 (started by MASK in D:\Documents\revature\210201sre\jdemos\Project1)
2021-03-08 10:05:54.295 []  INFO 18136 --- [           main] com.revature.Project1ApplicationTests    : No active profile set, falling back to default profiles: default
2021-03-08 10:06:01.403 []  INFO 18136 --- [           main] com.revature.Project1ApplicationTests    : Started Project1ApplicationTests in 11.467 seconds (JVM running for 12.438)
2021-03-08 10:07:52.300 []  INFO 15060 --- [           main] com.revature.Project1ApplicationTests    : Starting Project1ApplicationTests using Java 1.8.0_281 on LAPTOP-817RMPCJ with PID 15060 (started by MASK in D:\Documents\revature\210201sre\jdemos\Project1)
2021-03-08 10:07:54.367 []  INFO 15060 --- [           main] com.revature.Project1ApplicationTests    : No active profile set, falling back to default profiles: default
2021-03-08 10:08:10.673 []  INFO 15060 --- [           main] com.revature.Project1ApplicationTests    : Started Project1ApplicationTests in 21.102 seconds (JVM running for 23.263)
[2m2021-03-08 10:13:19.440[0;39m [] [32m INFO[0;39m [35m24348[0;39m [2m---[0;39m [2m[  restartedMain][0;39m [36mcom.revature.Project1Application        [0;39m [2m:[0;39m Starting Project1Application using Java 1.8.0_281 on LAPTOP-817RMPCJ with PID 24348 (D:\Documents\revature\210201sre\jdemos\Project1\target\classes started by MASK in D:\Documents\revature\210201sre\jdemos\Project1)
[2m2021-03-08 10:13:21.501[0;39m [] [32m INFO[0;39m [35m24348[0;39m [2m---[0;39m [2m[  restartedMain][0;39m [36mcom.revature.Project1Application        [0;39m [2m:[0;39m No active profile set, falling back to default profiles: default
[2m2021-03-08 10:13:29.962[0;39m [] [32m INFO[0;39m [35m24348[0;39m [2m---[0;39m [2m[  restartedMain][0;39m [36mcom.revature.Project1Application        [0;39m [2m:[0;39m Started Project1Application in 13.444 seconds (JVM running for 16.45)
[2m2021-03-08 10:22:35.352[0;39m [] [32m INFO[0;39m [35m24348[0;39m [2m---[0;39m [2m[  restartedMain][0;39m [36mcom.revature.Project1Application        [0;39m [2m:[0;39m Starting Project1Application using Java 1.8.0_281 on LAPTOP-817RMPCJ with PID 24348 (D:\Documents\revature\210201sre\jdemos\Project1\target\classes started by MASK in D:\Documents\revature\210201sre\jdemos\Project1)
2021-03-08 10:24:51.481 []  INFO 16568 --- [           main] com.revature.Project1ApplicationTests    : Starting Project1ApplicationTests using Java 1.8.0_281 on LAPTOP-817RMPCJ with PID 16568 (started by MASK in D:\Documents\revature\210201sre\jdemos\Project1)
2021-03-08 10:24:53.537 []  INFO 16568 --- [           main] com.revature.Project1ApplicationTests    : No active profile set, falling back to default profiles: default
2021-03-08 10:25:04.648 []  INFO 16568 --- [           main] com.revature.Project1ApplicationTests    : Started Project1ApplicationTests in 15.634 seconds (JVM running for 17.229)
[2m2021-03-08 10:29:08.400[0;39m [] [32m INFO[0;39m [35m12768[0;39m [2m---[0;39m [2m[  restartedMain][0;39m [36mcom.revature.Project1Application        [0;39m [2m:[0;39m Starting Project1Application using Java 1.8.0_281 on LAPTOP-817RMPCJ with PID 12768 (D:\Documents\revature\210201sre\jdemos\Project1\target\classes started by MASK in D:\Documents\revature\210201sre\jdemos\Project1)
[2m2021-03-08 10:29:10.443[0;39m [] [32m INFO[0;39m [35m12768[0;39m [2m---[0;39m [2m[  restartedMain][0;39m [36mcom.revature.Project1Application        [0;39m [2m:[0;39m No active profile set, falling back to default profiles: default
[2m2021-03-08 10:29:19.346[0;39m [] [32m INFO[0;39m [35m12768[0;39m [2m---[0;39m [2m[  restartedMain][0;39m [36mcom.revature.Project1Application        [0;39m [2m:[0;39m Started Project1Application in 13.56 seconds (JVM running for 15.539)
[2m2021-03-08 10:29:30.037[0;39m [Start=1615220969809, Exception=NoValidSession] [31mERROR[0;39m [35m12768[0;39m [2m---[0;39m [2m[nio-8080-exec-1][0;39m [36mc.revature.exceptions.InvalidException  [0;39m [2m:[0;39m User not logged in.
[2m2021-03-08 10:29:32.081[0;39m [Duration=2272ms] [32m INFO[0;39m [35m12768[0;39m [2m---[0;39m [2m[nio-8080-exec-1][0;39m [36mcom.revature.filters.DurationFilter     [0;39m [2m:[0;39m Request processed.
[2m2021-03-08 10:30:10.612[0;39m [Action=Login, Start=1615221009819, Duration=793ms] [32m INFO[0;39m [35m12768[0;39m [2m---[0;39m [2m[nio-8080-exec-4][0;39m [36mcom.revature.filters.DurationFilter     [0;39m [2m:[0;39m Request processed.
[2m2021-03-08 10:30:15.583[0;39m [Action=Adm Delete Coupon, Start=1615221015126, Duration=457ms] [32m INFO[0;39m [35m12768[0;39m [2m---[0;39m [2m[nio-8080-exec-5][0;39m [36mcom.revature.filters.DurationFilter     [0;39m [2m:[0;39m Request processed.
[2m2021-03-08 10:30:41.068[0;39m [Action=Adm Delete Coupon, Start=1615221040960, Duration=108ms, Exception=Invalid] [31mERROR[0;39m [35m12768[0;39m [2m---[0;39m [2m[nio-8080-exec-6][0;39m [36mc.revature.exceptions.InvalidException  [0;39m [2m:[0;39m UPDATE: Coupon 2 does not exist.

com.revature.exceptions.InvalidException: UPDATE: Coupon 2 does not exist.
	at com.revature.services.AdminService.delCoupon(AdminService.java:229)
	at com.revature.controllers.AdminController.removeCoupon(AdminController.java:100)
	at sun.reflect.NativeMethodAccessorImpl.invoke0(Native Method)
	at sun.reflect.NativeMethodAccessorImpl.invoke(Unknown Source)
	at sun.reflect.DelegatingMethodAccessorImpl.invoke(Unknown Source)
	at java.lang.reflect.Method.invoke(Unknown Source)
	at org.springframework.web.method.support.InvocableHandlerMethod.doInvoke(InvocableHandlerMethod.java:197)
	at org.springframework.web.method.support.InvocableHandlerMethod.invokeForRequest(InvocableHandlerMethod.java:141)
	at org.springframework.web.servlet.mvc.method.annotation.ServletInvocableHandlerMethod.invokeAndHandle(ServletInvocableHandlerMethod.java:106)
	at org.springframework.web.servlet.mvc.method.annotation.RequestMappingHandlerAdapter.invokeHandlerMethod(RequestMappingHandlerAdapter.java:894)
	at org.springframework.web.servlet.mvc.method.annotation.RequestMappingHandlerAdapter.handleInternal(RequestMappingHandlerAdapter.java:808)
	at org.springframework.web.servlet.mvc.method.AbstractHandlerMethodAdapter.handle(AbstractHandlerMethodAdapter.java:87)
	at org.springframework.web.servlet.DispatcherServlet.doDispatch(DispatcherServlet.java:1060)
	at org.springframework.web.servlet.DispatcherServlet.doService(DispatcherServlet.java:962)
	at org.springframework.web.servlet.FrameworkServlet.processRequest(FrameworkServlet.java:1006)
	at org.springframework.web.servlet.FrameworkServlet.doDelete(FrameworkServlet.java:931)
	at javax.servlet.http.HttpServlet.service(HttpServlet.java:658)
	at org.springframework.web.servlet.FrameworkServlet.service(FrameworkServlet.java:883)
	at javax.servlet.http.HttpServlet.service(HttpServlet.java:733)
	at org.apache.catalina.core.ApplicationFilterChain.internalDoFilter(ApplicationFilterChain.java:227)
	at org.apache.catalina.core.ApplicationFilterChain.doFilter(ApplicationFilterChain.java:162)
	at org.apache.tomcat.websocket.server.WsFilter.doFilter(WsFilter.java:53)
	at org.apache.catalina.core.ApplicationFilterChain.internalDoFilter(ApplicationFilterChain.java:189)
	at org.apache.catalina.core.ApplicationFilterChain.doFilter(ApplicationFilterChain.java:162)
	at com.revature.filters.DurationFilter.doFilterInternal(DurationFilter.java:31)
	at org.springframework.web.filter.OncePerRequestFilter.doFilter(OncePerRequestFilter.java:119)
	at org.apache.catalina.core.ApplicationFilterChain.internalDoFilter(ApplicationFilterChain.java:189)
	at org.apache.catalina.core.ApplicationFilterChain.doFilter(ApplicationFilterChain.java:162)
	at org.springframework.web.filter.RequestContextFilter.doFilterInternal(RequestContextFilter.java:100)
	at org.springframework.web.filter.OncePerRequestFilter.doFilter(OncePerRequestFilter.java:119)
	at org.apache.catalina.core.ApplicationFilterChain.internalDoFilter(ApplicationFilterChain.java:189)
	at org.apache.catalina.core.ApplicationFilterChain.doFilter(ApplicationFilterChain.java:162)
	at org.springframework.web.filter.FormContentFilter.doFilterInternal(FormContentFilter.java:93)
	at org.springframework.web.filter.OncePerRequestFilter.doFilter(OncePerRequestFilter.java:119)
	at org.apache.catalina.core.ApplicationFilterChain.internalDoFilter(ApplicationFilterChain.java:189)
	at org.apache.catalina.core.ApplicationFilterChain.doFilter(ApplicationFilterChain.java:162)
	at org.springframework.boot.actuate.metrics.web.servlet.WebMvcMetricsFilter.doFilterInternal(WebMvcMetricsFilter.java:93)
	at org.springframework.web.filter.OncePerRequestFilter.doFilter(OncePerRequestFilter.java:119)
	at org.apache.catalina.core.ApplicationFilterChain.internalDoFilter(ApplicationFilterChain.java:189)
	at org.apache.catalina.core.ApplicationFilterChain.doFilter(ApplicationFilterChain.java:162)
	at org.springframework.web.filter.CharacterEncodingFilter.doFilterInternal(CharacterEncodingFilter.java:201)
	at org.springframework.web.filter.OncePerRequestFilter.doFilter(OncePerRequestFilter.java:119)
	at org.apache.catalina.core.ApplicationFilterChain.internalDoFilter(ApplicationFilterChain.java:189)
	at org.apache.catalina.core.ApplicationFilterChain.doFilter(ApplicationFilterChain.java:162)
	at org.apache.catalina.core.StandardWrapperValve.invoke(StandardWrapperValve.java:202)
	at org.apache.catalina.core.StandardContextValve.invoke(StandardContextValve.java:97)
	at org.apache.catalina.authenticator.AuthenticatorBase.invoke(AuthenticatorBase.java:542)
	at org.apache.catalina.core.StandardHostValve.invoke(StandardHostValve.java:143)
	at org.apache.catalina.valves.ErrorReportValve.invoke(ErrorReportValve.java:92)
	at org.apache.catalina.core.StandardEngineValve.invoke(StandardEngineValve.java:78)
	at org.apache.catalina.connector.CoyoteAdapter.service(CoyoteAdapter.java:346)
	at org.apache.coyote.http11.Http11Processor.service(Http11Processor.java:374)
	at org.apache.coyote.AbstractProcessorLight.process(AbstractProcessorLight.java:65)
	at org.apache.coyote.AbstractProtocol$ConnectionHandler.process(AbstractProtocol.java:887)
	at org.apache.tomcat.util.net.NioEndpoint$SocketProcessor.doRun(NioEndpoint.java:1684)
	at org.apache.tomcat.util.net.SocketProcessorBase.run(SocketProcessorBase.java:49)
	at java.util.concurrent.ThreadPoolExecutor.runWorker(Unknown Source)
	at java.util.concurrent.ThreadPoolExecutor$Worker.run(Unknown Source)
	at org.apache.tomcat.util.threads.TaskThread$WrappingRunnable.run(TaskThread.java:61)
	at java.lang.Thread.run(Unknown Source)

[2m2021-03-08 10:30:43.109[0;39m [Duration=2149ms] [32m INFO[0;39m [35m12768[0;39m [2m---[0;39m [2m[nio-8080-exec-6][0;39m [36mcom.revature.filters.DurationFilter     [0;39m [2m:[0;39m Request processed.
[2m2021-03-08 10:30:50.480[0;39m [Action=Adm Delete Coupon, Start=1615221050207, Duration=273ms] [32m INFO[0;39m [35m12768[0;39m [2m---[0;39m [2m[nio-8080-exec-8][0;39m [36mcom.revature.filters.DurationFilter     [0;39m [2m:[0;39m Request processed.
[2m2021-03-08 13:59:08.515[0;39m [] [32m INFO[0;39m [35m26012[0;39m [2m---[0;39m [2m[  restartedMain][0;39m [36mcom.revature.Project1Application        [0;39m [2m:[0;39m Starting Project1Application using Java 1.8.0_281 on LAPTOP-817RMPCJ with PID 26012 (D:\Documents\revature\210201sre\jdemos\Project1\target\classes started by MASK in D:\Documents\revature\210201sre\jdemos\Project1)
[2m2021-03-08 13:59:10.565[0;39m [] [32m INFO[0;39m [35m26012[0;39m [2m---[0;39m [2m[  restartedMain][0;39m [36mcom.revature.Project1Application        [0;39m [2m:[0;39m No active profile set, falling back to default profiles: default
[2m2021-03-08 13:59:18.276[0;39m [] [32m INFO[0;39m [35m26012[0;39m [2m---[0;39m [2m[  restartedMain][0;39m [36mcom.revature.Project1Application        [0;39m [2m:[0;39m Started Project1Application in 12.096 seconds (JVM running for 13.117)
[2m2021-03-08 13:59:58.971[0;39m [Action=Login, Start=1615233598408, Duration=563ms] [32m INFO[0;39m [35m26012[0;39m [2m---[0;39m [2m[nio-8080-exec-2][0;39m [36mcom.revature.filters.DurationFilter     [0;39m [2m:[0;39m Request processed.
[2m2021-03-08 14:00:47.969[0;39m [Action=Modify User, Start=1615233647952, Duration=17ms] [32m INFO[0;39m [35m26012[0;39m [2m---[0;39m [2m[nio-8080-exec-3][0;39m [36mcom.revature.filters.DurationFilter     [0;39m [2m:[0;39m Request processed.
[2m2021-03-08 14:01:50.919[0;39m [] [32m INFO[0;39m [35m26012[0;39m [2m---[0;39m [2m[  restartedMain][0;39m [36mcom.revature.Project1Application        [0;39m [2m:[0;39m Starting Project1Application using Java 1.8.0_281 on LAPTOP-817RMPCJ with PID 26012 (D:\Documents\revature\210201sre\jdemos\Project1\target\classes started by MASK in D:\Documents\revature\210201sre\jdemos\Project1)
[2m2021-03-08 14:01:52.964[0;39m [] [32m INFO[0;39m [35m26012[0;39m [2m---[0;39m [2m[  restartedMain][0;39m [36mcom.revature.Project1Application        [0;39m [2m:[0;39m No active profile set, falling back to default profiles: default
[2m2021-03-08 14:01:55.314[0;39m [] [32m INFO[0;39m [35m26012[0;39m [2m---[0;39m [2m[  restartedMain][0;39m [36mcom.revature.Project1Application        [0;39m [2m:[0;39m Started Project1Application in 6.523 seconds (JVM running for 170.155)
[2m2021-03-08 14:02:00.654[0;39m [] [32m INFO[0;39m [35m26012[0;39m [2m---[0;39m [2m[  restartedMain][0;39m [36mcom.revature.Project1Application        [0;39m [2m:[0;39m Starting Project1Application using Java 1.8.0_281 on LAPTOP-817RMPCJ with PID 26012 (D:\Documents\revature\210201sre\jdemos\Project1\target\classes started by MASK in D:\Documents\revature\210201sre\jdemos\Project1)
[2m2021-03-08 14:02:02.703[0;39m [] [32m INFO[0;39m [35m26012[0;39m [2m---[0;39m [2m[  restartedMain][0;39m [36mcom.revature.Project1Application        [0;39m [2m:[0;39m No active profile set, falling back to default profiles: default
[2m2021-03-08 14:02:04.614[0;39m [] [32m INFO[0;39m [35m26012[0;39m [2m---[0;39m [2m[  restartedMain][0;39m [36mcom.revature.Project1Application        [0;39m [2m:[0;39m Started Project1Application in 6.083 seconds (JVM running for 179.455)
[2m2021-03-08 14:02:10.210[0;39m [Action=Login, Start=1615233730069, Duration=141ms] [32m INFO[0;39m [35m26012[0;39m [2m---[0;39m [2m[nio-8080-exec-2][0;39m [36mcom.revature.filters.DurationFilter     [0;39m [2m:[0;39m Request processed.
[2m2021-03-08 14:02:17.902[0;39m [Start=1615233737897, Duration=5ms] [32m INFO[0;39m [35m26012[0;39m [2m---[0;39m [2m[nio-8080-exec-3][0;39m [36mcom.revature.filters.DurationFilter     [0;39m [2m:[0;39m Request processed.
[2m2021-03-08 14:03:22.441[0;39m [] [32m INFO[0;39m [35m26012[0;39m [2m---[0;39m [2m[  restartedMain][0;39m [36mcom.revature.Project1Application        [0;39m [2m:[0;39m Starting Project1Application using Java 1.8.0_281 on LAPTOP-817RMPCJ with PID 26012 (D:\Documents\revature\210201sre\jdemos\Project1\target\classes started by MASK in D:\Documents\revature\210201sre\jdemos\Project1)
[2m2021-03-08 14:03:24.488[0;39m [] [32m INFO[0;39m [35m26012[0;39m [2m---[0;39m [2m[  restartedMain][0;39m [36mcom.revature.Project1Application        [0;39m [2m:[0;39m No active profile set, falling back to default profiles: default
[2m2021-03-08 14:03:26.426[0;39m [] [32m INFO[0;39m [35m26012[0;39m [2m---[0;39m [2m[  restartedMain][0;39m [36mcom.revature.Project1Application        [0;39m [2m:[0;39m Started Project1Application in 6.088 seconds (JVM running for 261.267)
[2m2021-03-08 14:03:30.888[0;39m [] [32m INFO[0;39m [35m26012[0;39m [2m---[0;39m [2m[  restartedMain][0;39m [36mcom.revature.Project1Application        [0;39m [2m:[0;39m Starting Project1Application using Java 1.8.0_281 on LAPTOP-817RMPCJ with PID 26012 (D:\Documents\revature\210201sre\jdemos\Project1\target\classes started by MASK in D:\Documents\revature\210201sre\jdemos\Project1)
[2m2021-03-08 14:03:32.933[0;39m [] [32m INFO[0;39m [35m26012[0;39m [2m---[0;39m [2m[  restartedMain][0;39m [36mcom.revature.Project1Application        [0;39m [2m:[0;39m No active profile set, falling back to default profiles: default
[2m2021-03-08 14:03:34.564[0;39m [] [32m INFO[0;39m [35m26012[0;39m [2m---[0;39m [2m[  restartedMain][0;39m [36mcom.revature.Project1Application        [0;39m [2m:[0;39m Started Project1Application in 5.773 seconds (JVM running for 269.405)
[2m2021-03-08 14:03:50.131[0;39m [Action=Login, Start=1615233830000, Duration=130ms] [32m INFO[0;39m [35m26012[0;39m [2m---[0;39m [2m[nio-8080-exec-2][0;39m [36mcom.revature.filters.DurationFilter     [0;39m [2m:[0;39m Request processed.
[2m2021-03-08 14:03:56.872[0;39m [Action=Modify User, Start=1615233836843, Duration=29ms] [32m INFO[0;39m [35m26012[0;39m [2m---[0;39m [2m[nio-8080-exec-3][0;39m [36mcom.revature.filters.DurationFilter     [0;39m [2m:[0;39m Request processed.
[2m2021-03-08 14:05:40.840[0;39m [] [32m INFO[0;39m [35m16992[0;39m [2m---[0;39m [2m[  restartedMain][0;39m [36mcom.revature.Project1Application        [0;39m [2m:[0;39m Starting Project1Application using Java 1.8.0_281 on LAPTOP-817RMPCJ with PID 16992 (D:\Documents\revature\210201sre\jdemos\Project1\target\classes started by MASK in D:\Documents\revature\210201sre\jdemos\Project1)
[2m2021-03-08 14:05:42.888[0;39m [] [32m INFO[0;39m [35m16992[0;39m [2m---[0;39m [2m[  restartedMain][0;39m [36mcom.revature.Project1Application        [0;39m [2m:[0;39m No active profile set, falling back to default profiles: default
[2m2021-03-08 14:05:50.525[0;39m [] [32m INFO[0;39m [35m16992[0;39m [2m---[0;39m [2m[  restartedMain][0;39m [36mcom.revature.Project1Application        [0;39m [2m:[0;39m Started Project1Application in 12.204 seconds (JVM running for 14.176)
[2m2021-03-08 14:06:04.448[0;39m [Action=Login, Start=1615233963852, Duration=595ms] [32m INFO[0;39m [35m16992[0;39m [2m---[0;39m [2m[nio-8080-exec-2][0;39m [36mcom.revature.filters.DurationFilter     [0;39m [2m:[0;39m Request processed.
[2m2021-03-08 14:06:08.593[0;39m [Action=Modify User, Start=1615233968482, Duration=111ms] [32m INFO[0;39m [35m16992[0;39m [2m---[0;39m [2m[nio-8080-exec-3][0;39m [36mcom.revature.filters.DurationFilter     [0;39m [2m:[0;39m Request processed.
[2m2021-03-08 14:06:41.756[0;39m [Action=User Info, Start=1615234001674, Duration=82ms] [32m INFO[0;39m [35m16992[0;39m [2m---[0;39m [2m[nio-8080-exec-6][0;39m [36mcom.revature.filters.DurationFilter     [0;39m [2m:[0;39m Request processed.
[2m2021-03-08 14:12:23.320[0;39m [] [32m INFO[0;39m [35m16992[0;39m [2m---[0;39m [2m[  restartedMain][0;39m [36mcom.revature.Project1Application        [0;39m [2m:[0;39m Starting Project1Application using Java 1.8.0_281 on LAPTOP-817RMPCJ with PID 16992 (D:\Documents\revature\210201sre\jdemos\Project1\target\classes started by MASK in D:\Documents\revature\210201sre\jdemos\Project1)
[2m2021-03-08 14:12:25.368[0;39m [] [32m INFO[0;39m [35m16992[0;39m [2m---[0;39m [2m[  restartedMain][0;39m [36mcom.revature.Project1Application        [0;39m [2m:[0;39m No active profile set, falling back to default profiles: default
[2m2021-03-08 14:12:27.367[0;39m [] [32m INFO[0;39m [35m16992[0;39m [2m---[0;39m [2m[  restartedMain][0;39m [36mcom.revature.Project1Application        [0;39m [2m:[0;39m Started Project1Application in 6.139 seconds (JVM running for 411.018)
[2m2021-03-08 14:19:48.572[0;39m [] [32m INFO[0;39m [35m16992[0;39m [2m---[0;39m [2m[  restartedMain][0;39m [36mcom.revature.Project1Application        [0;39m [2m:[0;39m Starting Project1Application using Java 1.8.0_281 on LAPTOP-817RMPCJ with PID 16992 (D:\Documents\revature\210201sre\jdemos\Project1\target\classes started by MASK in D:\Documents\revature\210201sre\jdemos\Project1)
[2m2021-03-08 14:19:50.916[0;39m [] [32m INFO[0;39m [35m16992[0;39m [2m---[0;39m [2m[  restartedMain][0;39m [36mcom.revature.Project1Application        [0;39m [2m:[0;39m No active profile set, falling back to default profiles: default
[2m2021-03-08 14:19:53.914[0;39m [] [32m INFO[0;39m [35m16992[0;39m [2m---[0;39m [2m[  restartedMain][0;39m [36mcom.revature.Project1Application        [0;39m [2m:[0;39m Started Project1Application in 5.452 seconds (JVM running for 857.564)
[2m2021-03-08 14:58:58.738[0;39m [] [32m INFO[0;39m [35m16992[0;39m [2m---[0;39m [2m[  restartedMain][0;39m [36mcom.revature.Project1Application        [0;39m [2m:[0;39m Starting Project1Application using Java 1.8.0_281 on LAPTOP-817RMPCJ with PID 16992 (D:\Documents\revature\210201sre\jdemos\Project1\target\classes started by MASK in D:\Documents\revature\210201sre\jdemos\Project1)
[2m2021-03-08 14:59:00.754[0;39m [] [32m INFO[0;39m [35m16992[0;39m [2m---[0;39m [2m[  restartedMain][0;39m [36mcom.revature.Project1Application        [0;39m [2m:[0;39m No active profile set, falling back to default profiles: default
[2m2021-03-08 14:59:02.215[0;39m [] [32m INFO[0;39m [35m16992[0;39m [2m---[0;39m [2m[  restartedMain][0;39m [36mcom.revature.Project1Application        [0;39m [2m:[0;39m Started Project1Application in 5.563 seconds (JVM running for 3205.865)
[2m2021-03-08 14:59:08.062[0;39m [] [32m INFO[0;39m [35m16992[0;39m [2m---[0;39m [2m[  restartedMain][0;39m [36mcom.revature.Project1Application        [0;39m [2m:[0;39m Starting Project1Application using Java 1.8.0_281 on LAPTOP-817RMPCJ with PID 16992 (D:\Documents\revature\210201sre\jdemos\Project1\target\classes started by MASK in D:\Documents\revature\210201sre\jdemos\Project1)
[2m2021-03-08 14:59:10.091[0;39m [] [32m INFO[0;39m [35m16992[0;39m [2m---[0;39m [2m[  restartedMain][0;39m [36mcom.revature.Project1Application        [0;39m [2m:[0;39m No active profile set, falling back to default profiles: default
2021-03-08 14:59:11.063 []  INFO 24840 --- [           main] com.revature.Project1ApplicationTests    : Starting Project1ApplicationTests using Java 1.8.0_281 on LAPTOP-817RMPCJ with PID 24840 (started by MASK in D:\Documents\revature\210201sre\jdemos\Project1)
[2m2021-03-08 14:59:11.648[0;39m [] [32m INFO[0;39m [35m16992[0;39m [2m---[0;39m [2m[  restartedMain][0;39m [36mcom.revature.Project1Application        [0;39m [2m:[0;39m Started Project1Application in 5.661 seconds (JVM running for 3215.299)
2021-03-08 14:59:13.121 []  INFO 24840 --- [           main] com.revature.Project1ApplicationTests    : No active profile set, falling back to default profiles: default
2021-03-08 14:59:22.598 []  INFO 24840 --- [           main] com.revature.Project1ApplicationTests    : Started Project1ApplicationTests in 14.021 seconds (JVM running for 15.416)
2021-03-08 15:00:37.187 []  INFO 28592 --- [           main] com.revature.Project1ApplicationTests    : Starting Project1ApplicationTests using Java 1.8.0_281 on LAPTOP-817RMPCJ with PID 28592 (started by MASK in D:\Documents\revature\210201sre\jdemos\Project1)
2021-03-08 15:00:39.257 []  INFO 28592 --- [           main] com.revature.Project1ApplicationTests    : No active profile set, falling back to default profiles: default
2021-03-08 15:00:49.625 []  INFO 28592 --- [           main] com.revature.Project1ApplicationTests    : Started Project1ApplicationTests in 14.862 seconds (JVM running for 16.807)
[2m2021-03-08 15:20:05.723[0;39m [] [32m INFO[0;39m [35m16992[0;39m [2m---[0;39m [2m[  restartedMain][0;39m [36mcom.revature.Project1Application        [0;39m [2m:[0;39m Starting Project1Application using Java 1.8.0_281 on LAPTOP-817RMPCJ with PID 16992 (D:\Documents\revature\210201sre\jdemos\Project1\target\classes started by MASK in D:\Documents\revature\210201sre\jdemos\Project1)
[2m2021-03-08 15:20:07.766[0;39m [] [32m INFO[0;39m [35m16992[0;39m [2m---[0;39m [2m[  restartedMain][0;39m [36mcom.revature.Project1Application        [0;39m [2m:[0;39m No active profile set, falling back to default profiles: default
[2m2021-03-08 15:20:09.066[0;39m [] [32m INFO[0;39m [35m16992[0;39m [2m---[0;39m [2m[  restartedMain][0;39m [36mcom.revature.Project1Application        [0;39m [2m:[0;39m Started Project1Application in 5.411 seconds (JVM running for 4472.717)
[2m2021-03-08 15:21:29.555[0;39m [Action=Login, Start=1615238489408, Duration=147ms] [32m INFO[0;39m [35m16992[0;39m [2m---[0;39m [2m[nio-8080-exec-2][0;39m [36mcom.revature.filters.DurationFilter     [0;39m [2m:[0;39m Request processed.
[2m2021-03-08 15:21:37.806[0;39m [Start=1615238497800, Duration=6ms] [32m INFO[0;39m [35m16992[0;39m [2m---[0;39m [2m[nio-8080-exec-3][0;39m [36mcom.revature.filters.DurationFilter     [0;39m [2m:[0;39m Request processed.
[2m2021-03-08 15:22:41.533[0;39m [] [32m INFO[0;39m [35m16992[0;39m [2m---[0;39m [2m[  restartedMain][0;39m [36mcom.revature.Project1Application        [0;39m [2m:[0;39m Starting Project1Application using Java 1.8.0_281 on LAPTOP-817RMPCJ with PID 16992 (D:\Documents\revature\210201sre\jdemos\Project1\target\classes started by MASK in D:\Documents\revature\210201sre\jdemos\Project1)
[2m2021-03-08 15:22:43.575[0;39m [] [32m INFO[0;39m [35m16992[0;39m [2m---[0;39m [2m[  restartedMain][0;39m [36mcom.revature.Project1Application        [0;39m [2m:[0;39m No active profile set, falling back to default profiles: default
[2m2021-03-08 15:22:44.996[0;39m [] [32m INFO[0;39m [35m16992[0;39m [2m---[0;39m [2m[  restartedMain][0;39m [36mcom.revature.Project1Application        [0;39m [2m:[0;39m Started Project1Application in 5.518 seconds (JVM running for 4628.647)
[2m2021-03-08 15:23:46.635[0;39m [Action=Login, Start=1615238626490, Duration=145ms] [32m INFO[0;39m [35m16992[0;39m [2m---[0;39m [2m[nio-8080-exec-2][0;39m [36mcom.revature.filters.DurationFilter     [0;39m [2m:[0;39m Request processed.
[2m2021-03-08 15:23:52.718[0;39m [Action=Modify User, Start=1615238632598, Duration=120ms] [32m INFO[0;39m [35m16992[0;39m [2m---[0;39m [2m[nio-8080-exec-3][0;39m [36mcom.revature.filters.DurationFilter     [0;39m [2m:[0;39m Request processed.
[2m2021-03-08 15:24:07.799[0;39m [Action=User Info, Start=1615238647714, Duration=85ms] [32m INFO[0;39m [35m16992[0;39m [2m---[0;39m [2m[nio-8080-exec-6][0;39m [36mcom.revature.filters.DurationFilter     [0;39m [2m:[0;39m Request processed.
